<?xml version="1.0" encoding="UTF-8"?>
<testsuite name="testShipController" tests="2" skipped="0" failures="0" errors="0" timestamp="2020-05-27T22:44:37" hostname="ricardo-omenbyhplaptop" time="0.001">
  <properties/>
  <testcase name="testMoveLeft" classname="testShipController" time="0.0"/>
  <testcase name="testMoveRight" classname="testShipController" time="0.001"/>
  <system-out><![CDATA[]]></system-out>
  <system-err><![CDATA[]]></system-err>
</testsuite>
