<?xml version="1.0" encoding="UTF-8"?>
<testsuite name="testBricks" tests="2" skipped="0" failures="0" errors="0" timestamp="2020-05-27T22:32:15" hostname="ricardo-omenbyhplaptop" time="0.0">
  <properties/>
  <testcase name="testLevels" classname="testBricks" time="0.0"/>
  <testcase name="testScores" classname="testBricks" time="0.0"/>
  <system-out><![CDATA[]]></system-out>
  <system-err><![CDATA[]]></system-err>
</testsuite>
