<?xml version="1.0" encoding="UTF-8"?>
<testsuite name="testBallController" tests="4" skipped="0" failures="0" errors="0" timestamp="2020-05-27T22:44:37" hostname="ricardo-omenbyhplaptop" time="0.003">
  <properties/>
  <testcase name="testConst" classname="testBallController" time="0.002"/>
  <testcase name="testReset" classname="testBallController" time="0.0"/>
  <testcase name="testMove" classname="testBallController" time="0.0"/>
  <testcase name="testStopped" classname="testBallController" time="0.001"/>
  <system-out><![CDATA[]]></system-out>
  <system-err><![CDATA[]]></system-err>
</testsuite>
