<?xml version="1.0" encoding="UTF-8"?>
<testsuite name="testArena" tests="2" skipped="0" failures="0" errors="0" timestamp="2020-05-27T22:32:15" hostname="ricardo-omenbyhplaptop" time="0.004">
  <properties/>
  <testcase name="testGameOver" classname="testArena" time="0.003"/>
  <testcase name="testConstr" classname="testArena" time="0.001"/>
  <system-out><![CDATA[]]></system-out>
  <system-err><![CDATA[]]></system-err>
</testsuite>
