<?xml version="1.0" encoding="UTF-8"?>
<testsuite name="testPosition" tests="2" skipped="0" failures="0" errors="0" timestamp="2020-05-27T22:32:15" hostname="ricardo-omenbyhplaptop" time="0.001">
  <properties/>
  <testcase name="testEquals" classname="testPosition" time="0.001"/>
  <testcase name="testPositionGetsSets" classname="testPosition" time="0.0"/>
  <system-out><![CDATA[]]></system-out>
  <system-err><![CDATA[]]></system-err>
</testsuite>
