<?xml version="1.0" encoding="UTF-8"?>
<testsuite name="testElement" tests="1" skipped="0" failures="0" errors="0" timestamp="2020-05-27T22:44:37" hostname="ricardo-omenbyhplaptop" time="0.0">
  <properties/>
  <testcase name="testGetSet" classname="testElement" time="0.0"/>
  <system-out><![CDATA[]]></system-out>
  <system-err><![CDATA[]]></system-err>
</testsuite>
